[     163ms] [LOG] [Fast Refresh] rebuilding @ http://localhost:3000/_next/static/chunks/0z~i_next_dist_080cxwf._.js:2477
[     261ms] [LOG] [Fast Refresh] done in 198ms @ http://localhost:3000/_next/static/chunks/0z~i_next_dist_080cxwf._.js:2477
[     362ms] [INFO] %cDownload the React DevTools for a better development experience: https://react.dev/link/react-devtools font-weight:bold @ http://localhost:3000/_next/static/chunks/0z~i_next_dist_080cxwf._.js:2477
[     422ms] [LOG] [HMR] connected @ http://localhost:3000/_next/static/chunks/0z~i_next_dist_080cxwf._.js:2477
[     537ms] [WARNING] Please ensure that the container has a non-static position, like 'relative', 'fixed', or 'absolute' to ensure scroll offset is calculated correctly. @ http://localhost:3000/_next/static/chunks/0z~i_next_dist_080cxwf._.js:2477
[  114754ms] [LOG] [Fast Refresh] rebuilding @ http://localhost:3000/_next/static/chunks/0z~i_next_dist_080cxwf._.js:2477
[  114878ms] [LOG] [Fast Refresh] done in 153ms @ http://localhost:3000/_next/static/chunks/0z~i_next_dist_080cxwf._.js:2477
[  174206ms] [LOG] [Fast Refresh] rebuilding @ http://localhost:3000/_next/static/chunks/0z~i_next_dist_080cxwf._.js:2477
[  174525ms] [LOG] [Fast Refresh] done in 407ms @ http://localhost:3000/_next/static/chunks/0z~i_next_dist_080cxwf._.js:2477
[  186561ms] [LOG] [Fast Refresh] rebuilding @ http://localhost:3000/_next/static/chunks/0z~i_next_dist_080cxwf._.js:2477
[  186590ms] [LOG] [Fast Refresh] done in 45ms @ http://localhost:3000/_next/static/chunks/0z~i_next_dist_080cxwf._.js:2477
[  198066ms] [LOG] [Fast Refresh] rebuilding @ http://localhost:3000/_next/static/chunks/0z~i_next_dist_080cxwf._.js:2477
[  198102ms] [LOG] [Fast Refresh] done in 48ms @ http://localhost:3000/_next/static/chunks/0z~i_next_dist_080cxwf._.js:2477
[  276654ms] [LOG] [Fast Refresh] rebuilding @ http://localhost:3000/_next/static/chunks/0z~i_next_dist_080cxwf._.js:2477
[  276790ms] [LOG] [Fast Refresh] done in 79ms @ http://localhost:3000/_next/static/chunks/0z~i_next_dist_080cxwf._.js:2477
[  276974ms] [LOG] [Fast Refresh] rebuilding @ http://localhost:3000/_next/static/chunks/0z~i_next_dist_080cxwf._.js:2477
[  277045ms] [LOG] [Fast Refresh] done in 174ms @ http://localhost:3000/_next/static/chunks/0z~i_next_dist_080cxwf._.js:2477
[  327157ms] [LOG] [Fast Refresh] rebuilding @ http://localhost:3000/_next/static/chunks/0z~i_next_dist_080cxwf._.js:2477
[  327311ms] [LOG] [Fast Refresh] done in 63ms @ http://localhost:3000/_next/static/chunks/0z~i_next_dist_080cxwf._.js:2477
[  327437ms] [LOG] [Fast Refresh] rebuilding @ http://localhost:3000/_next/static/chunks/0z~i_next_dist_080cxwf._.js:2477
[  327455ms] [LOG] [Fast Refresh] done in 123ms @ http://localhost:3000/_next/static/chunks/0z~i_next_dist_080cxwf._.js:2477
[  327579ms] [LOG] [Fast Refresh] rebuilding @ http://localhost:3000/_next/static/chunks/0z~i_next_dist_080cxwf._.js:2477
[  327611ms] [LOG] [Fast Refresh] done in 132ms @ http://localhost:3000/_next/static/chunks/0z~i_next_dist_080cxwf._.js:2477
[  347944ms] [LOG] [Fast Refresh] rebuilding @ http://localhost:3000/_next/static/chunks/0z~i_next_dist_080cxwf._.js:2477
[  348014ms] [LOG] [Fast Refresh] done in 37ms @ http://localhost:3000/_next/static/chunks/0z~i_next_dist_080cxwf._.js:2477
[  348159ms] [LOG] [Fast Refresh] rebuilding @ http://localhost:3000/_next/static/chunks/0z~i_next_dist_080cxwf._.js:2477
[  348312ms] [LOG] [Fast Refresh] done in 254ms @ http://localhost:3000/_next/static/chunks/0z~i_next_dist_080cxwf._.js:2477
[  359314ms] [LOG] [Fast Refresh] rebuilding @ http://localhost:3000/_next/static/chunks/0z~i_next_dist_080cxwf._.js:2477
[  359379ms] [LOG] [Fast Refresh] done in 34ms @ http://localhost:3000/_next/static/chunks/0z~i_next_dist_080cxwf._.js:2477
[  359501ms] [LOG] [Fast Refresh] rebuilding @ http://localhost:3000/_next/static/chunks/0z~i_next_dist_080cxwf._.js:2477
[  359712ms] [LOG] [Fast Refresh] done in 311ms @ http://localhost:3000/_next/static/chunks/0z~i_next_dist_080cxwf._.js:2477
[  369628ms] [LOG] [Fast Refresh] rebuilding @ http://localhost:3000/_next/static/chunks/0z~i_next_dist_080cxwf._.js:2477
[  369681ms] [LOG] [Fast Refresh] done in 32ms @ http://localhost:3000/_next/static/chunks/0z~i_next_dist_080cxwf._.js:2477
[  369800ms] [LOG] [Fast Refresh] rebuilding @ http://localhost:3000/_next/static/chunks/0z~i_next_dist_080cxwf._.js:2477
[  370039ms] [LOG] [Fast Refresh] done in 341ms @ http://localhost:3000/_next/static/chunks/0z~i_next_dist_080cxwf._.js:2477
[  378989ms] [LOG] [Fast Refresh] rebuilding @ http://localhost:3000/_next/static/chunks/0z~i_next_dist_080cxwf._.js:2477
[  379059ms] [LOG] [Fast Refresh] done in 31ms @ http://localhost:3000/_next/static/chunks/0z~i_next_dist_080cxwf._.js:2477
[  379186ms] [LOG] [Fast Refresh] rebuilding @ http://localhost:3000/_next/static/chunks/0z~i_next_dist_080cxwf._.js:2477
[  379464ms] [LOG] [Fast Refresh] done in 381ms @ http://localhost:3000/_next/static/chunks/0z~i_next_dist_080cxwf._.js:2477
[  404229ms] [LOG] [Fast Refresh] rebuilding @ http://localhost:3000/_next/static/chunks/0z~i_next_dist_080cxwf._.js:2477
[  404364ms] [LOG] [Fast Refresh] done in 62ms @ http://localhost:3000/_next/static/chunks/0z~i_next_dist_080cxwf._.js:2477
[  404525ms] [LOG] [Fast Refresh] rebuilding @ http://localhost:3000/_next/static/chunks/0z~i_next_dist_080cxwf._.js:2477
[  404843ms] [LOG] [Fast Refresh] done in 419ms @ http://localhost:3000/_next/static/chunks/0z~i_next_dist_080cxwf._.js:2477
[  423623ms] [LOG] [Fast Refresh] rebuilding @ http://localhost:3000/_next/static/chunks/0z~i_next_dist_080cxwf._.js:2477
[  423648ms] [LOG] [Fast Refresh] done in 34ms @ http://localhost:3000/_next/static/chunks/0z~i_next_dist_080cxwf._.js:2477
[  429901ms] [LOG] [Fast Refresh] rebuilding @ http://localhost:3000/_next/static/chunks/0z~i_next_dist_080cxwf._.js:2477
[  429918ms] ReferenceError: Link is not defined
    at Nav (http://localhost:3000/_next/static/chunks/src_0lc2k6t._.js?id=%255Bproject%255D%252Fsrc%252Fcomponents%252FNav.tsx+%255Bapp-client%255D+%2528ecmascript%2529:89:389)
    at Object.react_stack_bottom_frame (http://localhost:3000/_next/static/chunks/0z~i_next_dist_compiled_react-dom_0-pjtxe._.js:15037:24)
    at renderWithHooks (http://localhost:3000/_next/static/chunks/0z~i_next_dist_compiled_react-dom_0-pjtxe._.js:4620:24)
    at updateFunctionComponent (http://localhost:3000/_next/static/chunks/0z~i_next_dist_compiled_react-dom_0-pjtxe._.js:6081:21)
    at beginWork (http://localhost:3000/_next/static/chunks/0z~i_next_dist_compiled_react-dom_0-pjtxe._.js:6691:24)
    at runWithFiberInDEV (http://localhost:3000/_next/static/chunks/0z~i_next_dist_compiled_react-dom_0-pjtxe._.js:965:74)
    at performUnitOfWork (http://localhost:3000/_next/static/chunks/0z~i_next_dist_compiled_react-dom_0-pjtxe._.js:9555:97)
    at workLoopSync (http://localhost:3000/_next/static/chunks/0z~i_next_dist_compiled_react-dom_0-pjtxe._.js:9449:40)
    at renderRootSync (http://localhost:3000/_next/static/chunks/0z~i_next_dist_compiled_react-dom_0-pjtxe._.js:9433:13)
    at performWorkOnRoot (http://localhost:3000/_next/static/chunks/0z~i_next_dist_compiled_react-dom_0-pjtxe._.js:9098:47)
    at performSyncWorkOnRoot (http://localhost:3000/_next/static/chunks/0z~i_next_dist_compiled_react-dom_0-pjtxe._.js:10263:9)
    at flushSyncWorkAcrossRoots_impl (http://localhost:3000/_next/static/chunks/0z~i_next_dist_compiled_react-dom_0-pjtxe._.js:10179:316)
    at flushSyncWork$1 (http://localhost:3000/_next/static/chunks/0z~i_next_dist_compiled_react-dom_0-pjtxe._.js:9230:86)
    at Object.scheduleRefresh (http://localhost:3000/_next/static/chunks/0z~i_next_dist_compiled_react-dom_0-pjtxe._.js:299:13)
    at http://localhost:3000/_next/static/chunks/0z~i_next_dist_compiled_0fds868._.js:391:33
    at Set.forEach (<anonymous>)
    at Object.performReactRefresh (http://localhost:3000/_next/static/chunks/0z~i_next_dist_compiled_0fds868._.js:384:38)
    at applyUpdate (http://localhost:3000/_next/static/chunks/0z~i_next_dist_compiled_0fds868._.js:878:31)
    at http://localhost:3000/_next/static/chunks/0z~i_next_dist_compiled_0fds868._.js:886:13
[  429937ms] [LOG] [Fast Refresh] done in 33ms @ http://localhost:3000/_next/static/chunks/0z~i_next_dist_080cxwf._.js:2477
[  437112ms] [LOG] [Fast Refresh] rebuilding @ http://localhost:3000/_next/static/chunks/0z~i_next_dist_080cxwf._.js:2477
[  437147ms] [WARNING] [Fast Refresh] performing full reload because your application had an unrecoverable error @ http://localhost:3000/_next/static/chunks/0z~i_next_dist_080cxwf._.js:2477
[  437218ms] [LOG] [Fast Refresh] done in 136ms @ http://localhost:3000/_next/static/chunks/0z~i_next_dist_080cxwf._.js:2477
[  437551ms] [INFO] %cDownload the React DevTools for a better development experience: https://react.dev/link/react-devtools font-weight:bold @ http://localhost:3000/_next/static/chunks/0z~i_next_dist_080cxwf._.js:2477
[  437573ms] [LOG] [HMR] connected @ http://localhost:3000/_next/static/chunks/0z~i_next_dist_080cxwf._.js:2477
[  437653ms] [WARNING] Please ensure that the container has a non-static position, like 'relative', 'fixed', or 'absolute' to ensure scroll offset is calculated correctly. @ http://localhost:3000/_next/static/chunks/0z~i_next_dist_080cxwf._.js:2477
[  442502ms] [ERROR] ./src/components/Nav.tsx:63:13
Expected '</', got ')'
  61 |                 <span className="absolute inset-0 -z-0 rounded-full bg-ink/0 transition-co...
  62 |               </a>
> 63 |             ))}
     |             ^
  64 |           </nav>
  65 |
  66 |           <div className="flex items-center gap-2">

Parsing ecmascript source code failed

Import trace:
  Server Component:
    ./src/components/Nav.tsx
    ./src/app/page.tsx @ http://localhost:3000/_next/static/chunks/0z~i_next_dist_080cxwf._.js:3318
[  442561ms] [ERROR] ./src/components/Nav.tsx:63:13
Expected '</', got ')'
  61 |                 <span className="absolute inset-0 -z-0 rounded-full bg-ink/0 transition-co...
  62 |               </a>
> 63 |             ))}
     |             ^
  64 |           </nav>
  65 |
  66 |           <div className="flex items-center gap-2">

Parsing ecmascript source code failed

Import trace:
  Server Component:
    ./src/components/Nav.tsx
    ./src/app/page.tsx @ http://localhost:3000/_next/static/chunks/0z~i_next_dist_080cxwf._.js:3318
[  442613ms] [LOG] [Fast Refresh] rebuilding @ http://localhost:3000/_next/static/chunks/0z~i_next_dist_080cxwf._.js:2477
[  458665ms] [LOG] [Fast Refresh] rebuilding @ http://localhost:3000/_next/static/chunks/0z~i_next_dist_080cxwf._.js:2477
[  458703ms] [LOG] [Fast Refresh] done in 41ms @ http://localhost:3000/_next/static/chunks/0z~i_next_dist_080cxwf._.js:2477
[  493488ms] [LOG] [Fast Refresh] rebuilding @ http://localhost:3000/_next/static/chunks/0z~i_next_dist_080cxwf._.js:2477
[  493773ms] [LOG] [Fast Refresh] done in 380ms @ http://localhost:3000/_next/static/chunks/0z~i_next_dist_080cxwf._.js:2477
[  493879ms] [LOG] [Fast Refresh] rebuilding @ http://localhost:3000/_next/static/chunks/0z~i_next_dist_080cxwf._.js:2477
[  493907ms] [LOG] [Fast Refresh] done in 129ms @ http://localhost:3000/_next/static/chunks/0z~i_next_dist_080cxwf._.js:2477
[  507118ms] [LOG] [Fast Refresh] rebuilding @ http://localhost:3000/_next/static/chunks/0z~i_next_dist_080cxwf._.js:2477
[  507160ms] [LOG] [Fast Refresh] done in 50ms @ http://localhost:3000/_next/static/chunks/0z~i_next_dist_080cxwf._.js:2477
